2026-04-22T09:24:56: [dotenv@17.3.1] injecting env (14) from .env -- tip: ⚙️  suppress all logs with { quiet: true }
2026-04-22T09:24:57: [dotenv@17.3.1] injecting env (0) from .env -- tip: 🔐 encrypt with Dotenvx: https://dotenvx.com
2026-04-22T09:24:57: [22/4/2026, 9:24:57] [CRON INFO] Tarea cron de sincronización de centros a las 03:00
2026-04-22T09:24:57: Error: listen EADDRINUSE: address already in use :::4000
2026-04-22T09:24:57:     at Server.setupListenHandle [as _listen2] (node:net:1940:16)
2026-04-22T09:24:57:     at listenInCluster (node:net:1997:12)
2026-04-22T09:24:57:     at Server.listen (node:net:2102:7)
2026-04-22T09:24:57:     at Object.<anonymous> (C:\Proyectos\ProyectoReservas\back\index.js:54:8)
2026-04-22T09:24:57:     at Module._compile (node:internal/modules/cjs/loader:1804:14)
2026-04-22T09:24:57:     at Object..js (node:internal/modules/cjs/loader:1936:10)
2026-04-22T09:24:57:     at Module.load (node:internal/modules/cjs/loader:1525:32)
2026-04-22T09:24:57:     at Module._load (node:internal/modules/cjs/loader:1327:12)
2026-04-22T09:24:57:     at Object.<anonymous> (C:\Users\RubenMaderasMoreno\AppData\Roaming\npm\node_modules\pm2\lib\ProcessContainerFork.js:33:23)
2026-04-22T09:24:57:     at Module._compile (node:internal/modules/cjs/loader:1804:14) {
2026-04-22T09:24:57:   code: 'EADDRINUSE',
2026-04-22T09:24:57:   errno: -4091,
2026-04-22T09:24:57:   syscall: 'listen',
2026-04-22T09:24:57:   address: '::',
2026-04-22T09:24:57:   port: 4000
2026-04-22T09:24:57: }
2026-04-22T09:24:58: [dotenv@17.3.1] injecting env (14) from .env -- tip: ⚙️  specify custom .env file path with { path: '/custom/path/.env' }
2026-04-22T09:24:58: [dotenv@17.3.1] injecting env (0) from .env -- tip: ⚙️  override existing env vars with { override: true }
2026-04-22T09:24:58: [22/4/2026, 9:24:58] [CRON INFO] Tarea cron de sincronización de centros a las 03:00
2026-04-22T09:24:58: Error: listen EADDRINUSE: address already in use :::4000
2026-04-22T09:24:58:     at Server.setupListenHandle [as _listen2] (node:net:1940:16)
2026-04-22T09:24:58:     at listenInCluster (node:net:1997:12)
2026-04-22T09:24:58:     at Server.listen (node:net:2102:7)
2026-04-22T09:24:58:     at Object.<anonymous> (C:\Proyectos\ProyectoReservas\back\index.js:54:8)
2026-04-22T09:24:58:     at Module._compile (node:internal/modules/cjs/loader:1804:14)
2026-04-22T09:24:58:     at Object..js (node:internal/modules/cjs/loader:1936:10)
2026-04-22T09:24:58:     at Module.load (node:internal/modules/cjs/loader:1525:32)
2026-04-22T09:24:58:     at Module._load (node:internal/modules/cjs/loader:1327:12)
2026-04-22T09:24:58:     at Object.<anonymous> (C:\Users\RubenMaderasMoreno\AppData\Roaming\npm\node_modules\pm2\lib\ProcessContainerFork.js:33:23)
2026-04-22T09:24:58:     at Module._compile (node:internal/modules/cjs/loader:1804:14) {
2026-04-22T09:24:58:   code: 'EADDRINUSE',
2026-04-22T09:24:58:   errno: -4091,
2026-04-22T09:24:58:   syscall: 'listen',
2026-04-22T09:24:58:   address: '::',
2026-04-22T09:24:58:   port: 4000
2026-04-22T09:24:58: }
2026-04-22T09:24:59: [dotenv@17.3.1] injecting env (14) from .env -- tip: 🛡️ auth for agents: https://vestauth.com
2026-04-22T09:25:00: [dotenv@17.3.1] injecting env (0) from .env -- tip: ⚙️  override existing env vars with { override: true }
2026-04-22T09:25:00: [22/4/2026, 9:25:00] [CRON INFO] Tarea cron de sincronización de centros a las 03:00
2026-04-22T09:25:00: Error: listen EADDRINUSE: address already in use :::4000
2026-04-22T09:25:00:     at Server.setupListenHandle [as _listen2] (node:net:1940:16)
2026-04-22T09:25:00:     at listenInCluster (node:net:1997:12)
2026-04-22T09:25:00:     at Server.listen (node:net:2102:7)
2026-04-22T09:25:00:     at Object.<anonymous> (C:\Proyectos\ProyectoReservas\back\index.js:54:8)
2026-04-22T09:25:00:     at Module._compile (node:internal/modules/cjs/loader:1804:14)
2026-04-22T09:25:00:     at Object..js (node:internal/modules/cjs/loader:1936:10)
2026-04-22T09:25:00:     at Module.load (node:internal/modules/cjs/loader:1525:32)
2026-04-22T09:25:00:     at Module._load (node:internal/modules/cjs/loader:1327:12)
2026-04-22T09:25:00:     at Object.<anonymous> (C:\Users\RubenMaderasMoreno\AppData\Roaming\npm\node_modules\pm2\lib\ProcessContainerFork.js:33:23)
2026-04-22T09:25:00:     at Module._compile (node:internal/modules/cjs/loader:1804:14) {
2026-04-22T09:25:00:   code: 'EADDRINUSE',
2026-04-22T09:25:00:   errno: -4091,
2026-04-22T09:25:00:   syscall: 'listen',
2026-04-22T09:25:00:   address: '::',
2026-04-22T09:25:00:   port: 4000
2026-04-22T09:25:00: }
2026-04-22T09:25:01: [dotenv@17.3.1] injecting env (14) from .env -- tip: ⚡️ secrets for agents: https://dotenvx.com/as2
2026-04-22T09:25:01: [dotenv@17.3.1] injecting env (0) from .env -- tip: ⚡️ secrets for agents: https://dotenvx.com/as2
2026-04-22T09:25:01: [22/4/2026, 9:25:01] [CRON INFO] Tarea cron de sincronización de centros a las 03:00
2026-04-22T09:25:01: Error: listen EADDRINUSE: address already in use :::4000
2026-04-22T09:25:01:     at Server.setupListenHandle [as _listen2] (node:net:1940:16)
2026-04-22T09:25:01:     at listenInCluster (node:net:1997:12)
2026-04-22T09:25:01:     at Server.listen (node:net:2102:7)
2026-04-22T09:25:01:     at Object.<anonymous> (C:\Proyectos\ProyectoReservas\back\index.js:54:8)
2026-04-22T09:25:01:     at Module._compile (node:internal/modules/cjs/loader:1804:14)
2026-04-22T09:25:01:     at Object..js (node:internal/modules/cjs/loader:1936:10)
2026-04-22T09:25:01:     at Module.load (node:internal/modules/cjs/loader:1525:32)
2026-04-22T09:25:01:     at Module._load (node:internal/modules/cjs/loader:1327:12)
2026-04-22T09:25:01:     at Object.<anonymous> (C:\Users\RubenMaderasMoreno\AppData\Roaming\npm\node_modules\pm2\lib\ProcessContainerFork.js:33:23)
2026-04-22T09:25:01:     at Module._compile (node:internal/modules/cjs/loader:1804:14) {
2026-04-22T09:25:01:   code: 'EADDRINUSE',
2026-04-22T09:25:01:   errno: -4091,
2026-04-22T09:25:01:   syscall: 'listen',
2026-04-22T09:25:01:   address: '::',
2026-04-22T09:25:01:   port: 4000
2026-04-22T09:25:01: }
2026-04-22T09:25:02: [dotenv@17.3.1] injecting env (14) from .env -- tip: 🤖 agentic secret storage: https://dotenvx.com/as2
2026-04-22T09:25:02: [dotenv@17.3.1] injecting env (0) from .env -- tip: ⚙️  specify custom .env file path with { path: '/custom/path/.env' }
2026-04-22T09:25:03: [22/4/2026, 9:25:03] [CRON INFO] Tarea cron de sincronización de centros a las 03:00
2026-04-22T09:25:03: Error: listen EADDRINUSE: address already in use :::4000
2026-04-22T09:25:03:     at Server.setupListenHandle [as _listen2] (node:net:1940:16)
2026-04-22T09:25:03:     at listenInCluster (node:net:1997:12)
2026-04-22T09:25:03:     at Server.listen (node:net:2102:7)
2026-04-22T09:25:03:     at Object.<anonymous> (C:\Proyectos\ProyectoReservas\back\index.js:54:8)
2026-04-22T09:25:03:     at Module._compile (node:internal/modules/cjs/loader:1804:14)
2026-04-22T09:25:03:     at Object..js (node:internal/modules/cjs/loader:1936:10)
2026-04-22T09:25:03:     at Module.load (node:internal/modules/cjs/loader:1525:32)
2026-04-22T09:25:03:     at Module._load (node:internal/modules/cjs/loader:1327:12)
2026-04-22T09:25:03:     at Object.<anonymous> (C:\Users\RubenMaderasMoreno\AppData\Roaming\npm\node_modules\pm2\lib\ProcessContainerFork.js:33:23)
2026-04-22T09:25:03:     at Module._compile (node:internal/modules/cjs/loader:1804:14) {
2026-04-22T09:25:03:   code: 'EADDRINUSE',
2026-04-22T09:25:03:   errno: -4091,
2026-04-22T09:25:03:   syscall: 'listen',
2026-04-22T09:25:03:   address: '::',
2026-04-22T09:25:03:   port: 4000
2026-04-22T09:25:03: }
2026-04-22T09:25:04: [dotenv@17.3.1] injecting env (14) from .env -- tip: ⚙️  specify custom .env file path with { path: '/custom/path/.env' }
2026-04-22T09:25:04: [dotenv@17.3.1] injecting env (0) from .env -- tip: ⚙️  load multiple .env files with { path: ['.env.local', '.env'] }
2026-04-22T09:25:04: [22/4/2026, 9:25:04] [CRON INFO] Tarea cron de sincronización de centros a las 03:00
2026-04-22T09:25:04: Error: listen EADDRINUSE: address already in use :::4000
2026-04-22T09:25:04:     at Server.setupListenHandle [as _listen2] (node:net:1940:16)
2026-04-22T09:25:04:     at listenInCluster (node:net:1997:12)
2026-04-22T09:25:04:     at Server.listen (node:net:2102:7)
2026-04-22T09:25:04:     at Object.<anonymous> (C:\Proyectos\ProyectoReservas\back\index.js:54:8)
2026-04-22T09:25:04:     at Module._compile (node:internal/modules/cjs/loader:1804:14)
2026-04-22T09:25:04:     at Object..js (node:internal/modules/cjs/loader:1936:10)
2026-04-22T09:25:04:     at Module.load (node:internal/modules/cjs/loader:1525:32)
2026-04-22T09:25:04:     at Module._load (node:internal/modules/cjs/loader:1327:12)
2026-04-22T09:25:04:     at Object.<anonymous> (C:\Users\RubenMaderasMoreno\AppData\Roaming\npm\node_modules\pm2\lib\ProcessContainerFork.js:33:23)
2026-04-22T09:25:04:     at Module._compile (node:internal/modules/cjs/loader:1804:14) {
2026-04-22T09:25:04:   code: 'EADDRINUSE',
2026-04-22T09:25:04:   errno: -4091,
2026-04-22T09:25:04:   syscall: 'listen',
2026-04-22T09:25:04:   address: '::',
2026-04-22T09:25:04:   port: 4000
2026-04-22T09:25:04: }
2026-04-22T09:25:05: [dotenv@17.3.1] injecting env (14) from .env -- tip: ⚙️  load multiple .env files with { path: ['.env.local', '.env'] }
2026-04-22T09:25:06: [dotenv@17.3.1] injecting env (0) from .env -- tip: ⚙️  suppress all logs with { quiet: true }
2026-04-22T09:25:06: [22/4/2026, 9:25:06] [CRON INFO] Tarea cron de sincronización de centros a las 03:00
2026-04-22T09:25:06: Error: listen EADDRINUSE: address already in use :::4000
2026-04-22T09:25:06:     at Server.setupListenHandle [as _listen2] (node:net:1940:16)
2026-04-22T09:25:06:     at listenInCluster (node:net:1997:12)
2026-04-22T09:25:06:     at Server.listen (node:net:2102:7)
2026-04-22T09:25:06:     at Object.<anonymous> (C:\Proyectos\ProyectoReservas\back\index.js:54:8)
2026-04-22T09:25:06:     at Module._compile (node:internal/modules/cjs/loader:1804:14)
2026-04-22T09:25:06:     at Object..js (node:internal/modules/cjs/loader:1936:10)
2026-04-22T09:25:06:     at Module.load (node:internal/modules/cjs/loader:1525:32)
2026-04-22T09:25:06:     at Module._load (node:internal/modules/cjs/loader:1327:12)
2026-04-22T09:25:06:     at Object.<anonymous> (C:\Users\RubenMaderasMoreno\AppData\Roaming\npm\node_modules\pm2\lib\ProcessContainerFork.js:33:23)
2026-04-22T09:25:06:     at Module._compile (node:internal/modules/cjs/loader:1804:14) {
2026-04-22T09:25:06:   code: 'EADDRINUSE',
2026-04-22T09:25:06:   errno: -4091,
2026-04-22T09:25:06:   syscall: 'listen',
2026-04-22T09:25:06:   address: '::',
2026-04-22T09:25:06:   port: 4000
2026-04-22T09:25:06: }
2026-04-22T09:25:07: [dotenv@17.3.1] injecting env (14) from .env -- tip: ⚙️  write to custom object with { processEnv: myObject }
2026-04-22T09:25:07: [dotenv@17.3.1] injecting env (0) from .env -- tip: ⚙️  enable debug logging with { debug: true }
2026-04-22T09:25:07: [22/4/2026, 9:25:07] [CRON INFO] Tarea cron de sincronización de centros a las 03:00
2026-04-22T09:25:07: Error: listen EADDRINUSE: address already in use :::4000
2026-04-22T09:25:07:     at Server.setupListenHandle [as _listen2] (node:net:1940:16)
2026-04-22T09:25:07:     at listenInCluster (node:net:1997:12)
2026-04-22T09:25:07:     at Server.listen (node:net:2102:7)
2026-04-22T09:25:07:     at Object.<anonymous> (C:\Proyectos\ProyectoReservas\back\index.js:54:8)
2026-04-22T09:25:07:     at Module._compile (node:internal/modules/cjs/loader:1804:14)
2026-04-22T09:25:07:     at Object..js (node:internal/modules/cjs/loader:1936:10)
2026-04-22T09:25:07:     at Module.load (node:internal/modules/cjs/loader:1525:32)
2026-04-22T09:25:07:     at Module._load (node:internal/modules/cjs/loader:1327:12)
2026-04-22T09:25:07:     at Object.<anonymous> (C:\Users\RubenMaderasMoreno\AppData\Roaming\npm\node_modules\pm2\lib\ProcessContainerFork.js:33:23)
2026-04-22T09:25:07:     at Module._compile (node:internal/modules/cjs/loader:1804:14) {
2026-04-22T09:25:07:   code: 'EADDRINUSE',
2026-04-22T09:25:07:   errno: -4091,
2026-04-22T09:25:07:   syscall: 'listen',
2026-04-22T09:25:07:   address: '::',
2026-04-22T09:25:07:   port: 4000
2026-04-22T09:25:07: }
2026-04-22T09:25:08: [dotenv@17.3.1] injecting env (14) from .env -- tip: 🔐 prevent building .env in docker: https://dotenvx.com/prebuild
2026-04-22T09:25:09: [dotenv@17.3.1] injecting env (0) from .env -- tip: ⚙️  specify custom .env file path with { path: '/custom/path/.env' }
2026-04-22T09:25:09: [22/4/2026, 9:25:09] [CRON INFO] Tarea cron de sincronización de centros a las 03:00
2026-04-22T09:25:09: Error: listen EADDRINUSE: address already in use :::4000
2026-04-22T09:25:09:     at Server.setupListenHandle [as _listen2] (node:net:1940:16)
2026-04-22T09:25:09:     at listenInCluster (node:net:1997:12)
2026-04-22T09:25:09:     at Server.listen (node:net:2102:7)
2026-04-22T09:25:09:     at Object.<anonymous> (C:\Proyectos\ProyectoReservas\back\index.js:54:8)
2026-04-22T09:25:09:     at Module._compile (node:internal/modules/cjs/loader:1804:14)
2026-04-22T09:25:09:     at Object..js (node:internal/modules/cjs/loader:1936:10)
2026-04-22T09:25:09:     at Module.load (node:internal/modules/cjs/loader:1525:32)
2026-04-22T09:25:09:     at Module._load (node:internal/modules/cjs/loader:1327:12)
2026-04-22T09:25:09:     at Object.<anonymous> (C:\Users\RubenMaderasMoreno\AppData\Roaming\npm\node_modules\pm2\lib\ProcessContainerFork.js:33:23)
2026-04-22T09:25:09:     at Module._compile (node:internal/modules/cjs/loader:1804:14) {
2026-04-22T09:25:09:   code: 'EADDRINUSE',
2026-04-22T09:25:09:   errno: -4091,
2026-04-22T09:25:09:   syscall: 'listen',
2026-04-22T09:25:09:   address: '::',
2026-04-22T09:25:09:   port: 4000
2026-04-22T09:25:09: }
2026-04-22T09:25:10: [dotenv@17.3.1] injecting env (14) from .env -- tip: 🤖 agentic secret storage: https://dotenvx.com/as2
2026-04-22T09:25:10: [dotenv@17.3.1] injecting env (0) from .env -- tip: ⚙️  specify custom .env file path with { path: '/custom/path/.env' }
2026-04-22T09:25:10: [22/4/2026, 9:25:10] [CRON INFO] Tarea cron de sincronización de centros a las 03:00
2026-04-22T09:25:10: Error: listen EADDRINUSE: address already in use :::4000
2026-04-22T09:25:10:     at Server.setupListenHandle [as _listen2] (node:net:1940:16)
2026-04-22T09:25:10:     at listenInCluster (node:net:1997:12)
2026-04-22T09:25:10:     at Server.listen (node:net:2102:7)
2026-04-22T09:25:10:     at Object.<anonymous> (C:\Proyectos\ProyectoReservas\back\index.js:54:8)
2026-04-22T09:25:10:     at Module._compile (node:internal/modules/cjs/loader:1804:14)
2026-04-22T09:25:10:     at Object..js (node:internal/modules/cjs/loader:1936:10)
2026-04-22T09:25:10:     at Module.load (node:internal/modules/cjs/loader:1525:32)
2026-04-22T09:25:10:     at Module._load (node:internal/modules/cjs/loader:1327:12)
2026-04-22T09:25:10:     at Object.<anonymous> (C:\Users\RubenMaderasMoreno\AppData\Roaming\npm\node_modules\pm2\lib\ProcessContainerFork.js:33:23)
2026-04-22T09:25:10:     at Module._compile (node:internal/modules/cjs/loader:1804:14) {
2026-04-22T09:25:10:   code: 'EADDRINUSE',
2026-04-22T09:25:10:   errno: -4091,
2026-04-22T09:25:10:   syscall: 'listen',
2026-04-22T09:25:10:   address: '::',
2026-04-22T09:25:10:   port: 4000
2026-04-22T09:25:10: }
2026-04-22T09:26:55: [dotenv@17.3.1] injecting env (14) from .env -- tip: 🛡️ auth for agents: https://vestauth.com
2026-04-22T09:26:56: [dotenv@17.3.1] injecting env (0) from .env -- tip: ⚙️  specify custom .env file path with { path: '/custom/path/.env' }
2026-04-22T09:26:56: [22/4/2026, 9:26:56] [CRON INFO] Tarea cron de sincronización de centros a las 03:00
2026-04-22T09:26:56: Conectado a la base de datos correctamente
2026-04-22T09:28:02: [dotenv@17.3.1] injecting env (14) from .env -- tip: ⚙️  load multiple .env files with { path: ['.env.local', '.env'] }
2026-04-22T09:28:02: [dotenv@17.3.1] injecting env (0) from .env -- tip: ⚙️  enable debug logging with { debug: true }
2026-04-22T09:28:02: [22/4/2026, 9:28:02] [CRON INFO] Tarea cron de sincronización de centros a las 03:00
2026-04-22T09:28:03: Conectado a la base de datos correctamente
2026-04-22T09:28:13: [dotenv@17.3.1] injecting env (14) from .env -- tip: ⚡️ secrets for agents: https://dotenvx.com/as2
2026-04-22T09:28:13: [dotenv@17.3.1] injecting env (0) from .env -- tip: 🛠️  run anywhere with `dotenvx run -- yourcommand`
2026-04-22T09:28:13: [22/4/2026, 9:28:13] [CRON INFO] Tarea cron de sincronización de centros a las 03:00
2026-04-22T09:28:13: Conectado a la base de datos correctamente
2026-04-22T09:29:50: [dotenv@17.3.1] injecting env (14) from .env -- tip: 🤖 agentic secret storage: https://dotenvx.com/as2
2026-04-22T09:29:50: [dotenv@17.3.1] injecting env (0) from .env -- tip: ⚙️  enable debug logging with { debug: true }
2026-04-22T09:29:50: [22/4/2026, 9:29:50] [CRON INFO] Tarea cron de sincronización de centros a las 03:00
2026-04-22T09:29:50: Conectado a la base de datos correctamente
2026-04-22T09:32:59: Logs query: SELECT 
2026-04-22T09:32:59:             al.id_auditoria,
2026-04-22T09:32:59:             al.users_id,
2026-04-22T09:32:59:             u.username,
2026-04-22T09:32:59:             al.rol_momento,
2026-04-22T09:32:59:             al.fecha,
2026-04-22T09:32:59:             al.accion,
2026-04-22T09:32:59:             al.tabla_afectada,
2026-04-22T09:32:59:             al.registro_id,
2026-04-22T09:32:59:             al.detalles_admin
2026-04-22T09:32:59:         FROM audit_logs al
2026-04-22T09:32:59:         LEFT JOIN users u ON al.users_id = u.id
2026-04-22T09:32:59:         
2026-04-22T09:32:59:         ORDER BY al.fecha DESC
2026-04-22T09:32:59:         LIMIT 1000 OFFSET 0
2026-04-22T09:32:59: Logs params: []
2026-04-22T09:32:59: Logs query: SELECT 
2026-04-22T09:32:59:             al.id_auditoria,
2026-04-22T09:32:59:             al.users_id,
2026-04-22T09:32:59:             u.username,
2026-04-22T09:32:59:             al.rol_momento,
2026-04-22T09:32:59:             al.fecha,
2026-04-22T09:32:59:             al.accion,
2026-04-22T09:32:59:             al.tabla_afectada,
2026-04-22T09:32:59:             al.registro_id,
2026-04-22T09:32:59:             al.detalles_admin
2026-04-22T09:32:59:         FROM audit_logs al
2026-04-22T09:32:59:         LEFT JOIN users u ON al.users_id = u.id
2026-04-22T09:32:59:         
2026-04-22T09:32:59:         ORDER BY al.fecha DESC
2026-04-22T09:32:59:         LIMIT 1000 OFFSET 0
2026-04-22T09:32:59: Logs params: []
2026-04-22T09:38:05: [dotenv@17.3.1] injecting env (14) from .env -- tip: 🔐 encrypt with Dotenvx: https://dotenvx.com
2026-04-22T09:38:05: [dotenv@17.3.1] injecting env (0) from .env -- tip: 🔐 prevent committing .env to code: https://dotenvx.com/precommit
2026-04-22T09:38:05: [22/4/2026, 9:38:05] [CRON INFO] Tarea cron de sincronización de centros a las 03:00
2026-04-22T09:38:05: Conectado a la base de datos correctamente
2026-04-22T09:43:27: Logs query: SELECT 
2026-04-22T09:43:27:             al.id_auditoria,
2026-04-22T09:43:27:             al.users_id,
2026-04-22T09:43:27:             u.username,
2026-04-22T09:43:27:             al.rol_momento,
2026-04-22T09:43:27:             al.fecha,
2026-04-22T09:43:27:             al.accion,
2026-04-22T09:43:27:             al.tabla_afectada,
2026-04-22T09:43:27:             al.registro_id,
2026-04-22T09:43:27:             al.detalles_admin
2026-04-22T09:43:27:         FROM audit_logs al
2026-04-22T09:43:27:         LEFT JOIN users u ON al.users_id = u.id
2026-04-22T09:43:27:         
2026-04-22T09:43:27:         ORDER BY al.fecha DESC
2026-04-22T09:43:27:         LIMIT 1000 OFFSET 0
2026-04-22T09:43:27: Logs params: []
2026-04-22T09:43:27: Logs query: SELECT 
2026-04-22T09:43:27:             al.id_auditoria,
2026-04-22T09:43:27:             al.users_id,
2026-04-22T09:43:27:             u.username,
2026-04-22T09:43:27:             al.rol_momento,
2026-04-22T09:43:27:             al.fecha,
2026-04-22T09:43:27:             al.accion,
2026-04-22T09:43:27:             al.tabla_afectada,
2026-04-22T09:43:27:             al.registro_id,
2026-04-22T09:43:27:             al.detalles_admin
2026-04-22T09:43:27:         FROM audit_logs al
2026-04-22T09:43:27:         LEFT JOIN users u ON al.users_id = u.id
2026-04-22T09:43:27:         
2026-04-22T09:43:27:         ORDER BY al.fecha DESC
2026-04-22T09:43:27:         LIMIT 1000 OFFSET 0
2026-04-22T09:43:27: Logs params: []
2026-04-22T09:43:51: Logs query: SELECT 
2026-04-22T09:43:51:             al.id_auditoria,
2026-04-22T09:43:51:             al.users_id,
2026-04-22T09:43:51:             u.username,
2026-04-22T09:43:51:             al.rol_momento,
2026-04-22T09:43:51:             al.fecha,
2026-04-22T09:43:51:             al.accion,
2026-04-22T09:43:51:             al.tabla_afectada,
2026-04-22T09:43:51:             al.registro_id,
2026-04-22T09:43:51:             al.detalles_admin
2026-04-22T09:43:51:         FROM audit_logs al
2026-04-22T09:43:51:         LEFT JOIN users u ON al.users_id = u.id
2026-04-22T09:43:51:         
2026-04-22T09:43:51:         ORDER BY al.fecha DESC
2026-04-22T09:43:51:         LIMIT 1000 OFFSET 0
2026-04-22T09:43:51: Logs params: []
2026-04-22T09:43:51: Logs query: SELECT 
2026-04-22T09:43:51:             al.id_auditoria,
2026-04-22T09:43:51:             al.users_id,
2026-04-22T09:43:51:             u.username,
2026-04-22T09:43:51:             al.rol_momento,
2026-04-22T09:43:51:             al.fecha,
2026-04-22T09:43:51:             al.accion,
2026-04-22T09:43:51:             al.tabla_afectada,
2026-04-22T09:43:51:             al.registro_id,
2026-04-22T09:43:51:             al.detalles_admin
2026-04-22T09:43:51:         FROM audit_logs al
2026-04-22T09:43:51:         LEFT JOIN users u ON al.users_id = u.id
2026-04-22T09:43:51:         
2026-04-22T09:43:51:         ORDER BY al.fecha DESC
2026-04-22T09:43:51:         LIMIT 1000 OFFSET 0
2026-04-22T09:43:51: Logs params: []
2026-04-22T10:00:00: [22/4/2026, 10:00:00] [CRON SUCCESS] Reservas sincronizadas por tiempo: 1
2026-04-22T10:05:00: [22/4/2026, 10:05:00] [CRON SUCCESS] Reservas sincronizadas por tiempo: 2
2026-04-22T10:10:00: [22/4/2026, 10:10:00] [CRON SUCCESS] Reservas sincronizadas por tiempo: 2
2026-04-22T10:12:55: Error: Incorrect integer value: '' for column 'centre_id' at row 1
2026-04-22T10:12:55:     at PromisePool.query (C:\Proyectos\ProyectoReservas\back\node_modules\mysql2\lib\promise\pool.js:36:22)
2026-04-22T10:12:55:     at exports.updateVehicle (C:\Proyectos\ProyectoReservas\back\controllers\dashboardController.js:1198:31)
2026-04-22T10:12:55:     at process.processTicksAndRejections (node:internal/process/task_queues:103:5) {
2026-04-22T10:12:55:   code: 'ER_TRUNCATED_WRONG_VALUE_FOR_FIELD',
2026-04-22T10:12:55:   errno: 1366,
2026-04-22T10:12:55:   sql: "UPDATE vehicles SET license_plate = '8901CCC', model = 'Fiat Fiorino', status = 'disponible', kilometers = 72000, centre_id = '' WHERE id = '10'",
2026-04-22T10:12:55:   sqlState: 'HY000',
2026-04-22T10:12:55:   sqlMessage: "Incorrect integer value: '' for column 'centre_id' at row 1"
2026-04-22T10:12:55: }
2026-04-22T10:15:00: [22/4/2026, 10:15:00] [CRON SUCCESS] Reservas sincronizadas por tiempo: 3
