2026-04-22T09:24:57: Error: listen EADDRINUSE: address already in use :::4000
2026-04-22T09:24:57:     at Server.setupListenHandle [as _listen2] (node:net:1940:16)
2026-04-22T09:24:57:     at listenInCluster (node:net:1997:12)
2026-04-22T09:24:57:     at Server.listen (node:net:2102:7)
2026-04-22T09:24:57:     at Object.<anonymous> (C:\Proyectos\ProyectoReservas\back\index.js:54:8)
2026-04-22T09:24:57:     at Module._compile (node:internal/modules/cjs/loader:1804:14)
2026-04-22T09:24:57:     at Object..js (node:internal/modules/cjs/loader:1936:10)
2026-04-22T09:24:57:     at Module.load (node:internal/modules/cjs/loader:1525:32)
2026-04-22T09:24:57:     at Module._load (node:internal/modules/cjs/loader:1327:12)
2026-04-22T09:24:57:     at Object.<anonymous> (C:\Users\RubenMaderasMoreno\AppData\Roaming\npm\node_modules\pm2\lib\ProcessContainerFork.js:33:23)
2026-04-22T09:24:57:     at Module._compile (node:internal/modules/cjs/loader:1804:14) {
2026-04-22T09:24:57:   code: 'EADDRINUSE',
2026-04-22T09:24:57:   errno: -4091,
2026-04-22T09:24:57:   syscall: 'listen',
2026-04-22T09:24:57:   address: '::',
2026-04-22T09:24:57:   port: 4000
2026-04-22T09:24:57: }
2026-04-22T09:24:58: Error: listen EADDRINUSE: address already in use :::4000
2026-04-22T09:24:58:     at Server.setupListenHandle [as _listen2] (node:net:1940:16)
2026-04-22T09:24:58:     at listenInCluster (node:net:1997:12)
2026-04-22T09:24:58:     at Server.listen (node:net:2102:7)
2026-04-22T09:24:58:     at Object.<anonymous> (C:\Proyectos\ProyectoReservas\back\index.js:54:8)
2026-04-22T09:24:58:     at Module._compile (node:internal/modules/cjs/loader:1804:14)
2026-04-22T09:24:58:     at Object..js (node:internal/modules/cjs/loader:1936:10)
2026-04-22T09:24:58:     at Module.load (node:internal/modules/cjs/loader:1525:32)
2026-04-22T09:24:58:     at Module._load (node:internal/modules/cjs/loader:1327:12)
2026-04-22T09:24:58:     at Object.<anonymous> (C:\Users\RubenMaderasMoreno\AppData\Roaming\npm\node_modules\pm2\lib\ProcessContainerFork.js:33:23)
2026-04-22T09:24:58:     at Module._compile (node:internal/modules/cjs/loader:1804:14) {
2026-04-22T09:24:58:   code: 'EADDRINUSE',
2026-04-22T09:24:58:   errno: -4091,
2026-04-22T09:24:58:   syscall: 'listen',
2026-04-22T09:24:58:   address: '::',
2026-04-22T09:24:58:   port: 4000
2026-04-22T09:24:58: }
2026-04-22T09:25:00: Error: listen EADDRINUSE: address already in use :::4000
2026-04-22T09:25:00:     at Server.setupListenHandle [as _listen2] (node:net:1940:16)
2026-04-22T09:25:00:     at listenInCluster (node:net:1997:12)
2026-04-22T09:25:00:     at Server.listen (node:net:2102:7)
2026-04-22T09:25:00:     at Object.<anonymous> (C:\Proyectos\ProyectoReservas\back\index.js:54:8)
2026-04-22T09:25:00:     at Module._compile (node:internal/modules/cjs/loader:1804:14)
2026-04-22T09:25:00:     at Object..js (node:internal/modules/cjs/loader:1936:10)
2026-04-22T09:25:00:     at Module.load (node:internal/modules/cjs/loader:1525:32)
2026-04-22T09:25:00:     at Module._load (node:internal/modules/cjs/loader:1327:12)
2026-04-22T09:25:00:     at Object.<anonymous> (C:\Users\RubenMaderasMoreno\AppData\Roaming\npm\node_modules\pm2\lib\ProcessContainerFork.js:33:23)
2026-04-22T09:25:00:     at Module._compile (node:internal/modules/cjs/loader:1804:14) {
2026-04-22T09:25:00:   code: 'EADDRINUSE',
2026-04-22T09:25:00:   errno: -4091,
2026-04-22T09:25:00:   syscall: 'listen',
2026-04-22T09:25:00:   address: '::',
2026-04-22T09:25:00:   port: 4000
2026-04-22T09:25:00: }
2026-04-22T09:25:01: Error: listen EADDRINUSE: address already in use :::4000
2026-04-22T09:25:01:     at Server.setupListenHandle [as _listen2] (node:net:1940:16)
2026-04-22T09:25:01:     at listenInCluster (node:net:1997:12)
2026-04-22T09:25:01:     at Server.listen (node:net:2102:7)
2026-04-22T09:25:01:     at Object.<anonymous> (C:\Proyectos\ProyectoReservas\back\index.js:54:8)
2026-04-22T09:25:01:     at Module._compile (node:internal/modules/cjs/loader:1804:14)
2026-04-22T09:25:01:     at Object..js (node:internal/modules/cjs/loader:1936:10)
2026-04-22T09:25:01:     at Module.load (node:internal/modules/cjs/loader:1525:32)
2026-04-22T09:25:01:     at Module._load (node:internal/modules/cjs/loader:1327:12)
2026-04-22T09:25:01:     at Object.<anonymous> (C:\Users\RubenMaderasMoreno\AppData\Roaming\npm\node_modules\pm2\lib\ProcessContainerFork.js:33:23)
2026-04-22T09:25:01:     at Module._compile (node:internal/modules/cjs/loader:1804:14) {
2026-04-22T09:25:01:   code: 'EADDRINUSE',
2026-04-22T09:25:01:   errno: -4091,
2026-04-22T09:25:01:   syscall: 'listen',
2026-04-22T09:25:01:   address: '::',
2026-04-22T09:25:01:   port: 4000
2026-04-22T09:25:01: }
2026-04-22T09:25:03: Error: listen EADDRINUSE: address already in use :::4000
2026-04-22T09:25:03:     at Server.setupListenHandle [as _listen2] (node:net:1940:16)
2026-04-22T09:25:03:     at listenInCluster (node:net:1997:12)
2026-04-22T09:25:03:     at Server.listen (node:net:2102:7)
2026-04-22T09:25:03:     at Object.<anonymous> (C:\Proyectos\ProyectoReservas\back\index.js:54:8)
2026-04-22T09:25:03:     at Module._compile (node:internal/modules/cjs/loader:1804:14)
2026-04-22T09:25:03:     at Object..js (node:internal/modules/cjs/loader:1936:10)
2026-04-22T09:25:03:     at Module.load (node:internal/modules/cjs/loader:1525:32)
2026-04-22T09:25:03:     at Module._load (node:internal/modules/cjs/loader:1327:12)
2026-04-22T09:25:03:     at Object.<anonymous> (C:\Users\RubenMaderasMoreno\AppData\Roaming\npm\node_modules\pm2\lib\ProcessContainerFork.js:33:23)
2026-04-22T09:25:03:     at Module._compile (node:internal/modules/cjs/loader:1804:14) {
2026-04-22T09:25:03:   code: 'EADDRINUSE',
2026-04-22T09:25:03:   errno: -4091,
2026-04-22T09:25:03:   syscall: 'listen',
2026-04-22T09:25:03:   address: '::',
2026-04-22T09:25:03:   port: 4000
2026-04-22T09:25:03: }
2026-04-22T09:25:04: Error: listen EADDRINUSE: address already in use :::4000
2026-04-22T09:25:04:     at Server.setupListenHandle [as _listen2] (node:net:1940:16)
2026-04-22T09:25:04:     at listenInCluster (node:net:1997:12)
2026-04-22T09:25:04:     at Server.listen (node:net:2102:7)
2026-04-22T09:25:04:     at Object.<anonymous> (C:\Proyectos\ProyectoReservas\back\index.js:54:8)
2026-04-22T09:25:04:     at Module._compile (node:internal/modules/cjs/loader:1804:14)
2026-04-22T09:25:04:     at Object..js (node:internal/modules/cjs/loader:1936:10)
2026-04-22T09:25:04:     at Module.load (node:internal/modules/cjs/loader:1525:32)
2026-04-22T09:25:04:     at Module._load (node:internal/modules/cjs/loader:1327:12)
2026-04-22T09:25:04:     at Object.<anonymous> (C:\Users\RubenMaderasMoreno\AppData\Roaming\npm\node_modules\pm2\lib\ProcessContainerFork.js:33:23)
2026-04-22T09:25:04:     at Module._compile (node:internal/modules/cjs/loader:1804:14) {
2026-04-22T09:25:04:   code: 'EADDRINUSE',
2026-04-22T09:25:04:   errno: -4091,
2026-04-22T09:25:04:   syscall: 'listen',
2026-04-22T09:25:04:   address: '::',
2026-04-22T09:25:04:   port: 4000
2026-04-22T09:25:04: }
2026-04-22T09:25:06: Error: listen EADDRINUSE: address already in use :::4000
2026-04-22T09:25:06:     at Server.setupListenHandle [as _listen2] (node:net:1940:16)
2026-04-22T09:25:06:     at listenInCluster (node:net:1997:12)
2026-04-22T09:25:06:     at Server.listen (node:net:2102:7)
2026-04-22T09:25:06:     at Object.<anonymous> (C:\Proyectos\ProyectoReservas\back\index.js:54:8)
2026-04-22T09:25:06:     at Module._compile (node:internal/modules/cjs/loader:1804:14)
2026-04-22T09:25:06:     at Object..js (node:internal/modules/cjs/loader:1936:10)
2026-04-22T09:25:06:     at Module.load (node:internal/modules/cjs/loader:1525:32)
2026-04-22T09:25:06:     at Module._load (node:internal/modules/cjs/loader:1327:12)
2026-04-22T09:25:06:     at Object.<anonymous> (C:\Users\RubenMaderasMoreno\AppData\Roaming\npm\node_modules\pm2\lib\ProcessContainerFork.js:33:23)
2026-04-22T09:25:06:     at Module._compile (node:internal/modules/cjs/loader:1804:14) {
2026-04-22T09:25:06:   code: 'EADDRINUSE',
2026-04-22T09:25:06:   errno: -4091,
2026-04-22T09:25:06:   syscall: 'listen',
2026-04-22T09:25:06:   address: '::',
2026-04-22T09:25:06:   port: 4000
2026-04-22T09:25:06: }
2026-04-22T09:25:07: Error: listen EADDRINUSE: address already in use :::4000
2026-04-22T09:25:07:     at Server.setupListenHandle [as _listen2] (node:net:1940:16)
2026-04-22T09:25:07:     at listenInCluster (node:net:1997:12)
2026-04-22T09:25:07:     at Server.listen (node:net:2102:7)
2026-04-22T09:25:07:     at Object.<anonymous> (C:\Proyectos\ProyectoReservas\back\index.js:54:8)
2026-04-22T09:25:07:     at Module._compile (node:internal/modules/cjs/loader:1804:14)
2026-04-22T09:25:07:     at Object..js (node:internal/modules/cjs/loader:1936:10)
2026-04-22T09:25:07:     at Module.load (node:internal/modules/cjs/loader:1525:32)
2026-04-22T09:25:07:     at Module._load (node:internal/modules/cjs/loader:1327:12)
2026-04-22T09:25:07:     at Object.<anonymous> (C:\Users\RubenMaderasMoreno\AppData\Roaming\npm\node_modules\pm2\lib\ProcessContainerFork.js:33:23)
2026-04-22T09:25:07:     at Module._compile (node:internal/modules/cjs/loader:1804:14) {
2026-04-22T09:25:07:   code: 'EADDRINUSE',
2026-04-22T09:25:07:   errno: -4091,
2026-04-22T09:25:07:   syscall: 'listen',
2026-04-22T09:25:07:   address: '::',
2026-04-22T09:25:07:   port: 4000
2026-04-22T09:25:07: }
2026-04-22T09:25:09: Error: listen EADDRINUSE: address already in use :::4000
2026-04-22T09:25:09:     at Server.setupListenHandle [as _listen2] (node:net:1940:16)
2026-04-22T09:25:09:     at listenInCluster (node:net:1997:12)
2026-04-22T09:25:09:     at Server.listen (node:net:2102:7)
2026-04-22T09:25:09:     at Object.<anonymous> (C:\Proyectos\ProyectoReservas\back\index.js:54:8)
2026-04-22T09:25:09:     at Module._compile (node:internal/modules/cjs/loader:1804:14)
2026-04-22T09:25:09:     at Object..js (node:internal/modules/cjs/loader:1936:10)
2026-04-22T09:25:09:     at Module.load (node:internal/modules/cjs/loader:1525:32)
2026-04-22T09:25:09:     at Module._load (node:internal/modules/cjs/loader:1327:12)
2026-04-22T09:25:09:     at Object.<anonymous> (C:\Users\RubenMaderasMoreno\AppData\Roaming\npm\node_modules\pm2\lib\ProcessContainerFork.js:33:23)
2026-04-22T09:25:09:     at Module._compile (node:internal/modules/cjs/loader:1804:14) {
2026-04-22T09:25:09:   code: 'EADDRINUSE',
2026-04-22T09:25:09:   errno: -4091,
2026-04-22T09:25:09:   syscall: 'listen',
2026-04-22T09:25:09:   address: '::',
2026-04-22T09:25:09:   port: 4000
2026-04-22T09:25:09: }
2026-04-22T09:25:10: Error: listen EADDRINUSE: address already in use :::4000
2026-04-22T09:25:10:     at Server.setupListenHandle [as _listen2] (node:net:1940:16)
2026-04-22T09:25:10:     at listenInCluster (node:net:1997:12)
2026-04-22T09:25:10:     at Server.listen (node:net:2102:7)
2026-04-22T09:25:10:     at Object.<anonymous> (C:\Proyectos\ProyectoReservas\back\index.js:54:8)
2026-04-22T09:25:10:     at Module._compile (node:internal/modules/cjs/loader:1804:14)
2026-04-22T09:25:10:     at Object..js (node:internal/modules/cjs/loader:1936:10)
2026-04-22T09:25:10:     at Module.load (node:internal/modules/cjs/loader:1525:32)
2026-04-22T09:25:10:     at Module._load (node:internal/modules/cjs/loader:1327:12)
2026-04-22T09:25:10:     at Object.<anonymous> (C:\Users\RubenMaderasMoreno\AppData\Roaming\npm\node_modules\pm2\lib\ProcessContainerFork.js:33:23)
2026-04-22T09:25:10:     at Module._compile (node:internal/modules/cjs/loader:1804:14) {
2026-04-22T09:25:10:   code: 'EADDRINUSE',
2026-04-22T09:25:10:   errno: -4091,
2026-04-22T09:25:10:   syscall: 'listen',
2026-04-22T09:25:10:   address: '::',
2026-04-22T09:25:10:   port: 4000
2026-04-22T09:25:10: }
2026-04-22T10:12:55: Error: Incorrect integer value: '' for column 'centre_id' at row 1
2026-04-22T10:12:55:     at PromisePool.query (C:\Proyectos\ProyectoReservas\back\node_modules\mysql2\lib\promise\pool.js:36:22)
2026-04-22T10:12:55:     at exports.updateVehicle (C:\Proyectos\ProyectoReservas\back\controllers\dashboardController.js:1198:31)
2026-04-22T10:12:55:     at process.processTicksAndRejections (node:internal/process/task_queues:103:5) {
2026-04-22T10:12:55:   code: 'ER_TRUNCATED_WRONG_VALUE_FOR_FIELD',
2026-04-22T10:12:55:   errno: 1366,
2026-04-22T10:12:55:   sql: "UPDATE vehicles SET license_plate = '8901CCC', model = 'Fiat Fiorino', status = 'disponible', kilometers = 72000, centre_id = '' WHERE id = '10'",
2026-04-22T10:12:55:   sqlState: 'HY000',
2026-04-22T10:12:55:   sqlMessage: "Incorrect integer value: '' for column 'centre_id' at row 1"
2026-04-22T10:12:55: }
