2026-04-22T09:24:56: [dotenv@17.3.1] injecting env (14) from .env -- tip: ⚙️  suppress all logs with { quiet: true }
2026-04-22T09:24:57: [dotenv@17.3.1] injecting env (0) from .env -- tip: 🔐 encrypt with Dotenvx: https://dotenvx.com
2026-04-22T09:24:57: [22/4/2026, 9:24:57] [CRON INFO] Tarea cron de sincronización de centros a las 03:00
2026-04-22T09:24:58: [dotenv@17.3.1] injecting env (14) from .env -- tip: ⚙️  specify custom .env file path with { path: '/custom/path/.env' }
2026-04-22T09:24:58: [dotenv@17.3.1] injecting env (0) from .env -- tip: ⚙️  override existing env vars with { override: true }
2026-04-22T09:24:58: [22/4/2026, 9:24:58] [CRON INFO] Tarea cron de sincronización de centros a las 03:00
2026-04-22T09:24:59: [dotenv@17.3.1] injecting env (14) from .env -- tip: 🛡️ auth for agents: https://vestauth.com
2026-04-22T09:25:00: [dotenv@17.3.1] injecting env (0) from .env -- tip: ⚙️  override existing env vars with { override: true }
2026-04-22T09:25:00: [22/4/2026, 9:25:00] [CRON INFO] Tarea cron de sincronización de centros a las 03:00
2026-04-22T09:25:01: [dotenv@17.3.1] injecting env (14) from .env -- tip: ⚡️ secrets for agents: https://dotenvx.com/as2
2026-04-22T09:25:01: [dotenv@17.3.1] injecting env (0) from .env -- tip: ⚡️ secrets for agents: https://dotenvx.com/as2
2026-04-22T09:25:01: [22/4/2026, 9:25:01] [CRON INFO] Tarea cron de sincronización de centros a las 03:00
2026-04-22T09:25:02: [dotenv@17.3.1] injecting env (14) from .env -- tip: 🤖 agentic secret storage: https://dotenvx.com/as2
2026-04-22T09:25:02: [dotenv@17.3.1] injecting env (0) from .env -- tip: ⚙️  specify custom .env file path with { path: '/custom/path/.env' }
2026-04-22T09:25:03: [22/4/2026, 9:25:03] [CRON INFO] Tarea cron de sincronización de centros a las 03:00
2026-04-22T09:25:04: [dotenv@17.3.1] injecting env (14) from .env -- tip: ⚙️  specify custom .env file path with { path: '/custom/path/.env' }
2026-04-22T09:25:04: [dotenv@17.3.1] injecting env (0) from .env -- tip: ⚙️  load multiple .env files with { path: ['.env.local', '.env'] }
2026-04-22T09:25:04: [22/4/2026, 9:25:04] [CRON INFO] Tarea cron de sincronización de centros a las 03:00
2026-04-22T09:25:05: [dotenv@17.3.1] injecting env (14) from .env -- tip: ⚙️  load multiple .env files with { path: ['.env.local', '.env'] }
2026-04-22T09:25:06: [dotenv@17.3.1] injecting env (0) from .env -- tip: ⚙️  suppress all logs with { quiet: true }
2026-04-22T09:25:06: [22/4/2026, 9:25:06] [CRON INFO] Tarea cron de sincronización de centros a las 03:00
2026-04-22T09:25:07: [dotenv@17.3.1] injecting env (14) from .env -- tip: ⚙️  write to custom object with { processEnv: myObject }
2026-04-22T09:25:07: [dotenv@17.3.1] injecting env (0) from .env -- tip: ⚙️  enable debug logging with { debug: true }
2026-04-22T09:25:07: [22/4/2026, 9:25:07] [CRON INFO] Tarea cron de sincronización de centros a las 03:00
2026-04-22T09:25:08: [dotenv@17.3.1] injecting env (14) from .env -- tip: 🔐 prevent building .env in docker: https://dotenvx.com/prebuild
2026-04-22T09:25:09: [dotenv@17.3.1] injecting env (0) from .env -- tip: ⚙️  specify custom .env file path with { path: '/custom/path/.env' }
2026-04-22T09:25:09: [22/4/2026, 9:25:09] [CRON INFO] Tarea cron de sincronización de centros a las 03:00
2026-04-22T09:25:10: [dotenv@17.3.1] injecting env (14) from .env -- tip: 🤖 agentic secret storage: https://dotenvx.com/as2
2026-04-22T09:25:10: [dotenv@17.3.1] injecting env (0) from .env -- tip: ⚙️  specify custom .env file path with { path: '/custom/path/.env' }
2026-04-22T09:25:10: [22/4/2026, 9:25:10] [CRON INFO] Tarea cron de sincronización de centros a las 03:00
2026-04-22T09:26:55: [dotenv@17.3.1] injecting env (14) from .env -- tip: 🛡️ auth for agents: https://vestauth.com
2026-04-22T09:26:56: [dotenv@17.3.1] injecting env (0) from .env -- tip: ⚙️  specify custom .env file path with { path: '/custom/path/.env' }
2026-04-22T09:26:56: [22/4/2026, 9:26:56] [CRON INFO] Tarea cron de sincronización de centros a las 03:00
2026-04-22T09:26:56: Conectado a la base de datos correctamente
2026-04-22T09:28:02: [dotenv@17.3.1] injecting env (14) from .env -- tip: ⚙️  load multiple .env files with { path: ['.env.local', '.env'] }
2026-04-22T09:28:02: [dotenv@17.3.1] injecting env (0) from .env -- tip: ⚙️  enable debug logging with { debug: true }
2026-04-22T09:28:02: [22/4/2026, 9:28:02] [CRON INFO] Tarea cron de sincronización de centros a las 03:00
2026-04-22T09:28:03: Conectado a la base de datos correctamente
2026-04-22T09:28:13: [dotenv@17.3.1] injecting env (14) from .env -- tip: ⚡️ secrets for agents: https://dotenvx.com/as2
2026-04-22T09:28:13: [dotenv@17.3.1] injecting env (0) from .env -- tip: 🛠️  run anywhere with `dotenvx run -- yourcommand`
2026-04-22T09:28:13: [22/4/2026, 9:28:13] [CRON INFO] Tarea cron de sincronización de centros a las 03:00
2026-04-22T09:28:13: Conectado a la base de datos correctamente
2026-04-22T09:29:50: [dotenv@17.3.1] injecting env (14) from .env -- tip: 🤖 agentic secret storage: https://dotenvx.com/as2
2026-04-22T09:29:50: [dotenv@17.3.1] injecting env (0) from .env -- tip: ⚙️  enable debug logging with { debug: true }
2026-04-22T09:29:50: [22/4/2026, 9:29:50] [CRON INFO] Tarea cron de sincronización de centros a las 03:00
2026-04-22T09:29:50: Conectado a la base de datos correctamente
2026-04-22T09:32:59: Logs query: SELECT 
2026-04-22T09:32:59:             al.id_auditoria,
2026-04-22T09:32:59:             al.users_id,
2026-04-22T09:32:59:             u.username,
2026-04-22T09:32:59:             al.rol_momento,
2026-04-22T09:32:59:             al.fecha,
2026-04-22T09:32:59:             al.accion,
2026-04-22T09:32:59:             al.tabla_afectada,
2026-04-22T09:32:59:             al.registro_id,
2026-04-22T09:32:59:             al.detalles_admin
2026-04-22T09:32:59:         FROM audit_logs al
2026-04-22T09:32:59:         LEFT JOIN users u ON al.users_id = u.id
2026-04-22T09:32:59:         
2026-04-22T09:32:59:         ORDER BY al.fecha DESC
2026-04-22T09:32:59:         LIMIT 1000 OFFSET 0
2026-04-22T09:32:59: Logs params: []
2026-04-22T09:32:59: Logs query: SELECT 
2026-04-22T09:32:59:             al.id_auditoria,
2026-04-22T09:32:59:             al.users_id,
2026-04-22T09:32:59:             u.username,
2026-04-22T09:32:59:             al.rol_momento,
2026-04-22T09:32:59:             al.fecha,
2026-04-22T09:32:59:             al.accion,
2026-04-22T09:32:59:             al.tabla_afectada,
2026-04-22T09:32:59:             al.registro_id,
2026-04-22T09:32:59:             al.detalles_admin
2026-04-22T09:32:59:         FROM audit_logs al
2026-04-22T09:32:59:         LEFT JOIN users u ON al.users_id = u.id
2026-04-22T09:32:59:         
2026-04-22T09:32:59:         ORDER BY al.fecha DESC
2026-04-22T09:32:59:         LIMIT 1000 OFFSET 0
2026-04-22T09:32:59: Logs params: []
2026-04-22T09:38:05: [dotenv@17.3.1] injecting env (14) from .env -- tip: 🔐 encrypt with Dotenvx: https://dotenvx.com
2026-04-22T09:38:05: [dotenv@17.3.1] injecting env (0) from .env -- tip: 🔐 prevent committing .env to code: https://dotenvx.com/precommit
2026-04-22T09:38:05: [22/4/2026, 9:38:05] [CRON INFO] Tarea cron de sincronización de centros a las 03:00
2026-04-22T09:38:05: Conectado a la base de datos correctamente
2026-04-22T09:43:27: Logs query: SELECT 
2026-04-22T09:43:27:             al.id_auditoria,
2026-04-22T09:43:27:             al.users_id,
2026-04-22T09:43:27:             u.username,
2026-04-22T09:43:27:             al.rol_momento,
2026-04-22T09:43:27:             al.fecha,
2026-04-22T09:43:27:             al.accion,
2026-04-22T09:43:27:             al.tabla_afectada,
2026-04-22T09:43:27:             al.registro_id,
2026-04-22T09:43:27:             al.detalles_admin
2026-04-22T09:43:27:         FROM audit_logs al
2026-04-22T09:43:27:         LEFT JOIN users u ON al.users_id = u.id
2026-04-22T09:43:27:         
2026-04-22T09:43:27:         ORDER BY al.fecha DESC
2026-04-22T09:43:27:         LIMIT 1000 OFFSET 0
2026-04-22T09:43:27: Logs params: []
2026-04-22T09:43:27: Logs query: SELECT 
2026-04-22T09:43:27:             al.id_auditoria,
2026-04-22T09:43:27:             al.users_id,
2026-04-22T09:43:27:             u.username,
2026-04-22T09:43:27:             al.rol_momento,
2026-04-22T09:43:27:             al.fecha,
2026-04-22T09:43:27:             al.accion,
2026-04-22T09:43:27:             al.tabla_afectada,
2026-04-22T09:43:27:             al.registro_id,
2026-04-22T09:43:27:             al.detalles_admin
2026-04-22T09:43:27:         FROM audit_logs al
2026-04-22T09:43:27:         LEFT JOIN users u ON al.users_id = u.id
2026-04-22T09:43:27:         
2026-04-22T09:43:27:         ORDER BY al.fecha DESC
2026-04-22T09:43:27:         LIMIT 1000 OFFSET 0
2026-04-22T09:43:27: Logs params: []
2026-04-22T09:43:51: Logs query: SELECT 
2026-04-22T09:43:51:             al.id_auditoria,
2026-04-22T09:43:51:             al.users_id,
2026-04-22T09:43:51:             u.username,
2026-04-22T09:43:51:             al.rol_momento,
2026-04-22T09:43:51:             al.fecha,
2026-04-22T09:43:51:             al.accion,
2026-04-22T09:43:51:             al.tabla_afectada,
2026-04-22T09:43:51:             al.registro_id,
2026-04-22T09:43:51:             al.detalles_admin
2026-04-22T09:43:51:         FROM audit_logs al
2026-04-22T09:43:51:         LEFT JOIN users u ON al.users_id = u.id
2026-04-22T09:43:51:         
2026-04-22T09:43:51:         ORDER BY al.fecha DESC
2026-04-22T09:43:51:         LIMIT 1000 OFFSET 0
2026-04-22T09:43:51: Logs params: []
2026-04-22T09:43:51: Logs query: SELECT 
2026-04-22T09:43:51:             al.id_auditoria,
2026-04-22T09:43:51:             al.users_id,
2026-04-22T09:43:51:             u.username,
2026-04-22T09:43:51:             al.rol_momento,
2026-04-22T09:43:51:             al.fecha,
2026-04-22T09:43:51:             al.accion,
2026-04-22T09:43:51:             al.tabla_afectada,
2026-04-22T09:43:51:             al.registro_id,
2026-04-22T09:43:51:             al.detalles_admin
2026-04-22T09:43:51:         FROM audit_logs al
2026-04-22T09:43:51:         LEFT JOIN users u ON al.users_id = u.id
2026-04-22T09:43:51:         
2026-04-22T09:43:51:         ORDER BY al.fecha DESC
2026-04-22T09:43:51:         LIMIT 1000 OFFSET 0
2026-04-22T09:43:51: Logs params: []
2026-04-22T10:00:00: [22/4/2026, 10:00:00] [CRON SUCCESS] Reservas sincronizadas por tiempo: 1
2026-04-22T10:05:00: [22/4/2026, 10:05:00] [CRON SUCCESS] Reservas sincronizadas por tiempo: 2
2026-04-22T10:10:00: [22/4/2026, 10:10:00] [CRON SUCCESS] Reservas sincronizadas por tiempo: 2
2026-04-22T10:15:00: [22/4/2026, 10:15:00] [CRON SUCCESS] Reservas sincronizadas por tiempo: 3
